# JRE version: OpenJDK Runtime Environment (21.0.3) (build 21.0.3+-12282718-b509.11)
# Java VM: OpenJDK 64-Bit Server VM (21.0.3+-12282718-b509.11, mixed mode, tiered, compressed oops, compressed class ptrs, g1 gc, windows-amd64)
GC Precious Log:
 CardTable entry size: 512
 Card Set container configuration: InlinePtr #cards 5 size 8 Array Of Cards #cards 12 size 40 Howl #buckets 4 coarsen threshold 1843 Howl Bitmap #cards 512 size 80 coarsen threshold 460 Card regions per heap region 1 cards per card region 2048
 CPUs: 2 total, 2 available
 Memory: 2009M
 Large Page Support: Disabled
 NUMA Support: Disabled
 Compressed Oops: Enabled (32-bit)
 Heap Region Size: 1M
 Heap Min Capacity: 8M
 Heap Initial Capacity: 32M
 Heap Max Capacity: 2G
 Pre-touch: Disabled
 Parallel Workers: 2
 Concurrent Workers: 1
 Concurrent Refinement Workers: 2
 Periodic GC: Disabled
Heap:
 garbage-first heap   total 335872K, used 83780K [0x0000000080000000, 0x0000000100000000)
  region size 1024K, 1 young (1024K), 1 survivors (1024K)
 Metaspace       used 69000K, committed 70784K, reserved 1114112K
  class space    used 9422K, committed 10304K, reserved 1048576K
GC Heap History (20 events):
Event: 620.394 GC heap after
{Heap after GC invocations=43 (full 0):
 garbage-first heap   total 167936K, used 73995K [0x0000000080000000, 0x0000000100000000)
  region size 1024K, 1 young (1024K), 1 survivors (1024K)
 Metaspace       used 63726K, committed 65408K, reserved 1114112K
  class space    used 8706K, committed 9536K, reserved 1048576K
}
Event: 626.037 GC heap before
{Heap before GC invocations=43 (full 0):
 garbage-first heap   total 167936K, used 80139K [0x0000000080000000, 0x0000000100000000)
  region size 1024K, 8 young (8192K), 1 survivors (1024K)
 Metaspace       used 64738K, committed 66432K, reserved 1114112K
  class space    used 8847K, committed 9728K, reserved 1048576K
}
Event: 626.170 GC heap after
{Heap after GC invocations=44 (full 0):
 garbage-first heap   total 335872K, used 74245K [0x0000000080000000, 0x0000000100000000)
  region size 1024K, 1 young (1024K), 1 survivors (1024K)
 Metaspace       used 64738K, committed 66432K, reserved 1114112K
  class space    used 8847K, committed 9728K, reserved 1048576K
}
Event: 637.304 GC heap before
{Heap before GC invocations=44 (full 0):
 garbage-first heap   total 335872K, used 88581K [0x0000000080000000, 0x0000000100000000)
  region size 1024K, 16 young (16384K), 1 survivors (1024K)
 Metaspace       used 66254K, committed 68032K, reserved 1114112K
  class space    used 9101K, committed 9984K, reserved 1048576K
}
Event: 637.314 GC heap after
{Heap after GC invocations=45 (full 0):
 garbage-first heap   total 335872K, used 75346K [0x0000000080000000, 0x0000000100000000)
  region size 1024K, 2 young (2048K), 2 survivors (2048K)
 Metaspace       used 66254K, committed 68032K, reserved 1114112K
  class space    used 9101K, committed 9984K, reserved 1048576K
}
Event: 667.373 GC heap before
{Heap before GC invocations=45 (full 0):
 garbage-first heap   total 335872K, used 89682K [0x0000000080000000, 0x0000000100000000)
  region size 1024K, 16 young (16384K), 2 survivors (2048K)
 Metaspace       used 67309K, committed 69120K, reserved 1114112K
  class space    used 9270K, committed 10176K, reserved 1048576K
}
Event: 667.730 GC heap after
{Heap after GC invocations=46 (full 0):
 garbage-first heap   total 335872K, used 76351K [0x0000000080000000, 0x0000000100000000)
  region size 1024K, 1 young (1024K), 1 survivors (1024K)
 Metaspace       used 67309K, committed 69120K, reserved 1114112K
  class space    used 9270K, committed 10176K, reserved 1048576K
}
Event: 686.187 GC heap before
{Heap before GC invocations=46 (full 0):
 garbage-first heap   total 335872K, used 91711K [0x0000000080000000, 0x0000000100000000)
  region size 1024K, 16 young (16384K), 1 survivors (1024K)
 Metaspace       used 68492K, committed 70272K, reserved 1114112K
  class space    used 9418K, committed 10304K, reserved 1048576K
}
Event: 686.218 GC heap after
{Heap after GC invocations=47 (full 0):
 garbage-first heap   total 335872K, used 78247K [0x0000000080000000, 0x0000000100000000)
  region size 1024K, 2 young (2048K), 2 survivors (2048K)
 Metaspace       used 68492K, committed 70272K, reserved 1114112K
  class space    used 9418K, committed 10304K, reserved 1048576K
}
Event: 697.026 GC heap before
{Heap before GC invocations=47 (full 0):
 garbage-first heap   total 335872K, used 91559K [0x0000000080000000, 0x0000000100000000)
  region size 1024K, 16 young (16384K), 2 survivors (2048K)
 Metaspace       used 68655K, committed 70464K, reserved 1114112K
  class space    used 9421K, committed 10304K, reserved 1048576K
}
Event: 697.519 GC heap after
{Heap after GC invocations=48 (full 0):
 garbage-first heap   total 335872K, used 80370K [0x0000000080000000, 0x0000000100000000)
  region size 1024K, 2 young (2048K), 2 survivors (2048K)
 Metaspace       used 68655K, committed 70464K, reserved 1114112K
  class space    used 9421K, committed 10304K, reserved 1048576K
}
Event: 701.875 GC heap before
{Heap before GC invocations=48 (full 0):
 garbage-first heap   total 335872K, used 93682K [0x0000000080000000, 0x0000000100000000)
  region size 1024K, 16 young (16384K), 2 survivors (2048K)
 Metaspace       used 68793K, committed 70528K, reserved 1114112K
  class space    used 9422K, committed 10304K, reserved 1048576K
}
Event: 701.894 GC heap after
{Heap after GC invocations=49 (full 0):
 garbage-first heap   total 335872K, used 80787K [0x0000000080000000, 0x0000000100000000)
  region size 1024K, 1 young (1024K), 1 survivors (1024K)
 Metaspace       used 68793K, committed 70528K, reserved 1114112K
  class space    used 9422K, committed 10304K, reserved 1048576K
}
Event: 705.136 GC heap before
{Heap before GC invocations=49 (full 0):
 garbage-first heap   total 335872K, used 95123K [0x0000000080000000, 0x0000000100000000)
  region size 1024K, 16 young (16384K), 1 survivors (1024K)
 Metaspace       used 68939K, committed 70720K, reserved 1114112K
  class space    used 9422K, committed 10304K, reserved 1048576K
}
Event: 705.313 GC heap after
{Heap after GC invocations=50 (full 0):
 garbage-first heap   total 335872K, used 81243K [0x0000000080000000, 0x0000000100000000)
  region size 1024K, 1 young (1024K), 1 survivors (1024K)
 Metaspace       used 68939K, committed 70720K, reserved 1114112K
  class space    used 9422K, committed 10304K, reserved 1048576K
}
Event: 706.980 GC heap before
{Heap before GC invocations=50 (full 0):
 garbage-first heap   total 335872K, used 95579K [0x0000000080000000, 0x0000000100000000)
  region size 1024K, 16 young (16384K), 1 survivors (1024K)
 Metaspace       used 68981K, committed 70720K, reserved 1114112K
  class space    used 9422K, committed 10304K, reserved 1048576K
}
Event: 707.475 GC heap after
{Heap after GC invocations=51 (full 0):
 garbage-first heap   total 335872K, used 82728K [0x0000000080000000, 0x0000000100000000)
  region size 1024K, 2 young (2048K), 2 survivors (2048K)
 Metaspace       used 68981K, committed 70720K, reserved 1114112K
  class space    used 9422K, committed 10304K, reserved 1048576K
}
Event: 708.472 GC heap before
{Heap before GC invocations=51 (full 0):
 garbage-first heap   total 335872K, used 96040K [0x0000000080000000, 0x0000000100000000)
  region size 1024K, 16 young (16384K), 2 survivors (2048K)
 Metaspace       used 68997K, committed 70784K, reserved 1114112K
  class space    used 9422K, committed 10304K, reserved 1048576K
}
Event: 711.402 GC heap after
{Heap after GC invocations=52 (full 0):
 garbage-first heap   total 335872K, used 83408K [0x0000000080000000, 0x0000000100000000)
  region size 1024K, 1 young (1024K), 1 survivors (1024K)
 Metaspace       used 68997K, committed 70784K, reserved 1114112K
  class space    used 9422K, committed 10304K, reserved 1048576K
}
Event: 712.734 GC heap before
{Heap before GC invocations=52 (full 0):
 garbage-first heap   total 335872K, used 98768K [0x0000000080000000, 0x0000000100000000)
  region size 1024K, 16 young (16384K), 1 survivors (1024K)
 Metaspace       used 69000K, committed 70784K, reserved 1114112K
  class space    used 9422K, committed 10304K, reserved 1048576K
}

