# JRE version: OpenJDK Runtime Environment (21.0.3) (build 21.0.3+-12282718-b509.11)
# Java VM: OpenJDK 64-Bit Server VM (21.0.3+-12282718-b509.11, mixed mode, tiered, compressed oops, compressed class ptrs, g1 gc, windows-amd64)
GC Precious Log:
 CardTable entry size: 512
 Card Set container configuration: InlinePtr #cards 5 size 8 Array Of Cards #cards 12 size 40 Howl #buckets 4 coarsen threshold 1843 Howl Bitmap #cards 512 size 80 coarsen threshold 460 Card regions per heap region 1 cards per card region 2048
 CPUs: 2 total, 2 available
 Memory: 2009M
 Large Page Support: Disabled
 NUMA Support: Disabled
 Compressed Oops: Enabled (32-bit)
 Heap Region Size: 1M
 Heap Min Capacity: 8M
 Heap Initial Capacity: 32M
 Heap Max Capacity: 2G
 Pre-touch: Disabled
 Parallel Workers: 2
 Concurrent Workers: 1
 Concurrent Refinement Workers: 2
 Periodic GC: Disabled
Heap:
 garbage-first heap   total 359424K, used 109467K [0x0000000080000000, 0x0000000100000000)
  region size 1024K, 2 young (2048K), 2 survivors (2048K)
 Metaspace       used 85659K, committed 87680K, reserved 1179648K
  class space    used 11571K, committed 12608K, reserved 1048576K
GC Heap History (20 events):
Event: 588.247 GC heap after
{Heap after GC invocations=48 (full 0):
 garbage-first heap   total 359424K, used 80710K [0x0000000080000000, 0x0000000100000000)
  region size 1024K, 4 young (4096K), 4 survivors (4096K)
 Metaspace       used 68791K, committed 70592K, reserved 1114112K
  class space    used 9416K, committed 10304K, reserved 1048576K
}
Event: 659.056 GC heap before
{Heap before GC invocations=48 (full 0):
 garbage-first heap   total 359424K, used 151366K [0x0000000080000000, 0x0000000100000000)
  region size 1024K, 74 young (75776K), 4 survivors (4096K)
 Metaspace       used 69179K, committed 70976K, reserved 1114112K
  class space    used 9417K, committed 10304K, reserved 1048576K
}
Event: 659.088 GC heap after
{Heap after GC invocations=49 (full 0):
 garbage-first heap   total 359424K, used 82904K [0x0000000080000000, 0x0000000100000000)
  region size 1024K, 6 young (6144K), 6 survivors (6144K)
 Metaspace       used 69179K, committed 70976K, reserved 1114112K
  class space    used 9417K, committed 10304K, reserved 1048576K
}
Event: 800.070 GC heap before
{Heap before GC invocations=49 (full 0):
 garbage-first heap   total 359424K, used 193496K [0x0000000080000000, 0x0000000100000000)
  region size 1024K, 108 young (110592K), 6 survivors (6144K)
 Metaspace       used 75398K, committed 77248K, reserved 1179648K
  class space    used 10150K, committed 11072K, reserved 1048576K
}
Event: 800.210 GC heap after
{Heap after GC invocations=50 (full 0):
 garbage-first heap   total 359424K, used 95192K [0x0000000080000000, 0x0000000100000000)
  region size 1024K, 12 young (12288K), 12 survivors (12288K)
 Metaspace       used 75398K, committed 77248K, reserved 1179648K
  class space    used 10150K, committed 11072K, reserved 1048576K
}
Event: 870.403 GC heap before
{Heap before GC invocations=50 (full 0):
 garbage-first heap   total 359424K, used 170968K [0x0000000080000000, 0x0000000100000000)
  region size 1024K, 81 young (82944K), 12 survivors (12288K)
 Metaspace       used 81246K, committed 83200K, reserved 1179648K
  class space    used 10983K, committed 11968K, reserved 1048576K
}
Event: 886.264 GC heap after
{Heap after GC invocations=51 (full 0):
 garbage-first heap   total 359424K, used 102912K [0x0000000080000000, 0x0000000100000000)
  region size 1024K, 7 young (7168K), 7 survivors (7168K)
 Metaspace       used 81246K, committed 83200K, reserved 1179648K
  class space    used 10983K, committed 11968K, reserved 1048576K
}
Event: 889.395 GC heap before
{Heap before GC invocations=51 (full 0):
 garbage-first heap   total 359424K, used 113152K [0x0000000080000000, 0x0000000100000000)
  region size 1024K, 17 young (17408K), 7 survivors (7168K)
 Metaspace       used 81947K, committed 83840K, reserved 1179648K
  class space    used 11068K, committed 12032K, reserved 1048576K
}
Event: 893.497 GC heap after
{Heap after GC invocations=52 (full 0):
 garbage-first heap   total 359424K, used 103424K [0x0000000080000000, 0x0000000100000000)
  region size 1024K, 1 young (1024K), 1 survivors (1024K)
 Metaspace       used 81947K, committed 83840K, reserved 1179648K
  class space    used 11068K, committed 12032K, reserved 1048576K
}
Event: 922.125 GC heap before
{Heap before GC invocations=52 (full 0):
 garbage-first heap   total 359424K, used 118784K [0x0000000080000000, 0x0000000100000000)
  region size 1024K, 17 young (17408K), 1 survivors (1024K)
 Metaspace       used 83142K, committed 85056K, reserved 1179648K
  class space    used 11221K, committed 12224K, reserved 1048576K
}
Event: 922.426 GC heap after
{Heap after GC invocations=53 (full 0):
 garbage-first heap   total 359424K, used 103869K [0x0000000080000000, 0x0000000100000000)
  region size 1024K, 2 young (2048K), 2 survivors (2048K)
 Metaspace       used 83142K, committed 85056K, reserved 1179648K
  class space    used 11221K, committed 12224K, reserved 1048576K
}
Event: 965.180 GC heap before
{Heap before GC invocations=53 (full 0):
 garbage-first heap   total 359424K, used 118205K [0x0000000080000000, 0x0000000100000000)
  region size 1024K, 17 young (17408K), 2 survivors (2048K)
 Metaspace       used 83392K, committed 85376K, reserved 1179648K
  class space    used 11268K, committed 12288K, reserved 1048576K
}
Event: 965.681 GC heap after
{Heap after GC invocations=54 (full 0):
 garbage-first heap   total 359424K, used 105619K [0x0000000080000000, 0x0000000100000000)
  region size 1024K, 3 young (3072K), 3 survivors (3072K)
 Metaspace       used 83392K, committed 85376K, reserved 1179648K
  class space    used 11268K, committed 12288K, reserved 1048576K
}
Event: 978.981 GC heap before
{Heap before GC invocations=54 (full 0):
 garbage-first heap   total 359424K, used 119955K [0x0000000080000000, 0x0000000100000000)
  region size 1024K, 17 young (17408K), 3 survivors (3072K)
 Metaspace       used 83442K, committed 85440K, reserved 1179648K
  class space    used 11271K, committed 12288K, reserved 1048576K
}
Event: 984.392 GC heap after
{Heap after GC invocations=55 (full 0):
 garbage-first heap   total 359424K, used 106919K [0x0000000080000000, 0x0000000100000000)
  region size 1024K, 2 young (2048K), 2 survivors (2048K)
 Metaspace       used 83442K, committed 85440K, reserved 1179648K
  class space    used 11271K, committed 12288K, reserved 1048576K
}
Event: 999.071 GC heap before
{Heap before GC invocations=55 (full 0):
 garbage-first heap   total 359424K, used 122279K [0x0000000080000000, 0x0000000100000000)
  region size 1024K, 17 young (17408K), 2 survivors (2048K)
 Metaspace       used 83578K, committed 85568K, reserved 1179648K
  class space    used 11290K, committed 12288K, reserved 1048576K
}
Event: 999.349 GC heap after
{Heap after GC invocations=56 (full 0):
 garbage-first heap   total 359424K, used 108133K [0x0000000080000000, 0x0000000100000000)
  region size 1024K, 3 young (3072K), 3 survivors (3072K)
 Metaspace       used 83578K, committed 85568K, reserved 1179648K
  class space    used 11290K, committed 12288K, reserved 1048576K
}
Event: 1047.560 GC heap before
{Heap before GC invocations=56 (full 0):
 garbage-first heap   total 359424K, used 122469K [0x0000000080000000, 0x0000000100000000)
  region size 1024K, 17 young (17408K), 3 survivors (3072K)
 Metaspace       used 84541K, committed 86528K, reserved 1179648K
  class space    used 11406K, committed 12416K, reserved 1048576K
}
Event: 1049.798 GC heap after
{Heap after GC invocations=57 (full 0):
 garbage-first heap   total 359424K, used 108768K [0x0000000080000000, 0x0000000100000000)
  region size 1024K, 2 young (2048K), 2 survivors (2048K)
 Metaspace       used 84541K, committed 86528K, reserved 1179648K
  class space    used 11406K, committed 12416K, reserved 1048576K
}
Event: 1071.809 GC heap before
{Heap before GC invocations=57 (full 0):
 garbage-first heap   total 359424K, used 124128K [0x0000000080000000, 0x0000000100000000)
  region size 1024K, 17 young (17408K), 2 survivors (2048K)
 Metaspace       used 85659K, committed 87680K, reserved 1179648K
  class space    used 11571K, committed 12608K, reserved 1048576K
}

