# JRE version: OpenJDK Runtime Environment (21.0.3) (build 21.0.3+-12282718-b509.11)
# Java VM: OpenJDK 64-Bit Server VM (21.0.3+-12282718-b509.11, mixed mode, tiered, compressed oops, compressed class ptrs, g1 gc, windows-amd64)
GC Precious Log:
 CardTable entry size: 512
 Card Set container configuration: InlinePtr #cards 5 size 8 Array Of Cards #cards 12 size 40 Howl #buckets 4 coarsen threshold 1843 Howl Bitmap #cards 512 size 80 coarsen threshold 460 Card regions per heap region 1 cards per card region 2048
 CPUs: 2 total, 2 available
 Memory: 2009M
 Large Page Support: Disabled
 NUMA Support: Disabled
 Compressed Oops: Enabled (32-bit)
 Heap Region Size: 1M
 Heap Min Capacity: 8M
 Heap Initial Capacity: 32M
 Heap Max Capacity: 2G
 Pre-touch: Disabled
 Parallel Workers: 2
 Concurrent Workers: 1
 Concurrent Refinement Workers: 2
 Periodic GC: Disabled
Heap:
 garbage-first heap   total 142336K, used 79872K [0x0000000080000000, 0x0000000100000000)
  region size 1024K, 1 young (1024K), 1 survivors (1024K)
 Metaspace       used 68385K, committed 70144K, reserved 1114112K
  class space    used 9390K, committed 10304K, reserved 1048576K
GC Heap History (20 events):
Event: 312.535 GC heap after
{Heap after GC invocations=36 (full 0):
 garbage-first heap   total 91136K, used 52358K [0x0000000080000000, 0x0000000100000000)
  region size 1024K, 2 young (2048K), 2 survivors (2048K)
 Metaspace       used 52459K, committed 53824K, reserved 1114112K
  class space    used 7068K, committed 7744K, reserved 1048576K
}
Event: 322.755 GC heap before
{Heap before GC invocations=36 (full 0):
 garbage-first heap   total 91136K, used 83078K [0x0000000080000000, 0x0000000100000000)
  region size 1024K, 32 young (32768K), 2 survivors (2048K)
 Metaspace       used 55996K, committed 57472K, reserved 1114112K
  class space    used 7671K, committed 8384K, reserved 1048576K
}
Event: 322.768 GC heap after
{Heap after GC invocations=37 (full 0):
 garbage-first heap   total 91136K, used 53483K [0x0000000080000000, 0x0000000100000000)
  region size 1024K, 3 young (3072K), 3 survivors (3072K)
 Metaspace       used 55996K, committed 57472K, reserved 1114112K
  class space    used 7671K, committed 8384K, reserved 1048576K
}
Event: 349.901 GC heap before
{Heap before GC invocations=37 (full 0):
 garbage-first heap   total 97280K, used 94443K [0x0000000080000000, 0x0000000100000000)
  region size 1024K, 30 young (30720K), 3 survivors (3072K)
 Metaspace       used 56892K, committed 58432K, reserved 1114112K
  class space    used 7756K, committed 8512K, reserved 1048576K
}
Event: 349.980 GC heap after
{Heap after GC invocations=38 (full 0):
 garbage-first heap   total 103424K, used 71055K [0x0000000080000000, 0x0000000100000000)
  region size 1024K, 4 young (4096K), 4 survivors (4096K)
 Metaspace       used 56892K, committed 58432K, reserved 1114112K
  class space    used 7756K, committed 8512K, reserved 1048576K
}
Event: 357.227 GC heap before
{Heap before GC invocations=38 (full 0):
 garbage-first heap   total 103424K, used 75151K [0x0000000080000000, 0x0000000100000000)
  region size 1024K, 10 young (10240K), 4 survivors (4096K)
 Metaspace       used 57274K, committed 58880K, reserved 1114112K
  class space    used 7781K, committed 8576K, reserved 1048576K
}
Event: 357.568 GC heap after
{Heap after GC invocations=39 (full 0):
 garbage-first heap   total 103424K, used 72831K [0x0000000080000000, 0x0000000100000000)
  region size 1024K, 2 young (2048K), 2 survivors (2048K)
 Metaspace       used 57274K, committed 58880K, reserved 1114112K
  class space    used 7781K, committed 8576K, reserved 1048576K
}
Event: 364.278 GC heap before
{Heap before GC invocations=40 (full 0):
 garbage-first heap   total 126976K, used 85119K [0x0000000080000000, 0x0000000100000000)
  region size 1024K, 12 young (12288K), 2 survivors (2048K)
 Metaspace       used 58701K, committed 60224K, reserved 1114112K
  class space    used 7869K, committed 8640K, reserved 1048576K
}
Event: 364.304 GC heap after
{Heap after GC invocations=41 (full 0):
 garbage-first heap   total 126976K, used 72964K [0x0000000080000000, 0x0000000100000000)
  region size 1024K, 1 young (1024K), 1 survivors (1024K)
 Metaspace       used 58701K, committed 60224K, reserved 1114112K
  class space    used 7869K, committed 8640K, reserved 1048576K
}
Event: 389.957 GC heap before
{Heap before GC invocations=41 (full 0):
 garbage-first heap   total 126976K, used 105732K [0x0000000080000000, 0x0000000100000000)
  region size 1024K, 34 young (34816K), 1 survivors (1024K)
 Metaspace       used 61297K, committed 62976K, reserved 1114112K
  class space    used 8306K, committed 9152K, reserved 1048576K
}
Event: 389.985 GC heap after
{Heap after GC invocations=42 (full 0):
 garbage-first heap   total 126976K, used 75022K [0x0000000080000000, 0x0000000100000000)
  region size 1024K, 4 young (4096K), 4 survivors (4096K)
 Metaspace       used 61297K, committed 62976K, reserved 1114112K
  class space    used 8306K, committed 9152K, reserved 1048576K
}
Event: 410.091 GC heap before
{Heap before GC invocations=42 (full 0):
 garbage-first heap   total 126976K, used 108814K [0x0000000080000000, 0x0000000100000000)
  region size 1024K, 37 young (37888K), 4 survivors (4096K)
 Metaspace       used 65205K, committed 66880K, reserved 1114112K
  class space    used 8896K, committed 9728K, reserved 1048576K
}
Event: 410.857 GC heap after
{Heap after GC invocations=43 (full 0):
 garbage-first heap   total 126976K, used 76679K [0x0000000080000000, 0x0000000100000000)
  region size 1024K, 2 young (2048K), 2 survivors (2048K)
 Metaspace       used 65205K, committed 66880K, reserved 1114112K
  class space    used 8896K, committed 9728K, reserved 1048576K
}
Event: 460.940 GC heap before
{Heap before GC invocations=43 (full 0):
 garbage-first heap   total 126976K, used 111495K [0x0000000080000000, 0x0000000100000000)
  region size 1024K, 36 young (36864K), 2 survivors (2048K)
 Metaspace       used 68191K, committed 69952K, reserved 1114112K
  class space    used 9385K, committed 10240K, reserved 1048576K
}
Event: 462.584 GC heap after
{Heap after GC invocations=44 (full 0):
 garbage-first heap   total 126976K, used 78727K [0x0000000080000000, 0x0000000100000000)
  region size 1024K, 4 young (4096K), 4 survivors (4096K)
 Metaspace       used 68191K, committed 69952K, reserved 1114112K
  class space    used 9385K, committed 10240K, reserved 1048576K
}
Event: 464.170 GC heap before
{Heap before GC invocations=44 (full 0):
 garbage-first heap   total 126976K, used 80775K [0x0000000080000000, 0x0000000100000000)
  region size 1024K, 6 young (6144K), 4 survivors (4096K)
 Metaspace       used 68227K, committed 69952K, reserved 1114112K
  class space    used 9385K, committed 10240K, reserved 1048576K
}
Event: 466.797 GC heap after
{Heap after GC invocations=45 (full 0):
 garbage-first heap   total 126976K, used 79376K [0x0000000080000000, 0x0000000100000000)
  region size 1024K, 1 young (1024K), 1 survivors (1024K)
 Metaspace       used 68227K, committed 69952K, reserved 1114112K
  class space    used 9385K, committed 10240K, reserved 1048576K
}
Event: 470.346 GC heap before
{Heap before GC invocations=45 (full 0):
 garbage-first heap   total 126976K, used 84496K [0x0000000080000000, 0x0000000100000000)
  region size 1024K, 6 young (6144K), 1 survivors (1024K)
 Metaspace       used 68299K, committed 70016K, reserved 1114112K
  class space    used 9385K, committed 10240K, reserved 1048576K
}
Event: 470.350 GC heap after
{Heap after GC invocations=46 (full 0):
 garbage-first heap   total 126976K, used 79432K [0x0000000080000000, 0x0000000100000000)
  region size 1024K, 1 young (1024K), 1 survivors (1024K)
 Metaspace       used 68299K, committed 70016K, reserved 1114112K
  class space    used 9385K, committed 10240K, reserved 1048576K
}
Event: 476.753 GC heap before
{Heap before GC invocations=46 (full 0):
 garbage-first heap   total 142336K, used 84552K [0x0000000080000000, 0x0000000100000000)
  region size 1024K, 6 young (6144K), 1 survivors (1024K)
 Metaspace       used 68385K, committed 70144K, reserved 1114112K
  class space    used 9390K, committed 10304K, reserved 1048576K
}

